{"/home/safa/Documents/CSC491/konsensus-app-backend/src/server.js": {"path":"/home/safa/Documents/CSC491/konsensus-app-backend/src/server.js","statementMap":{"0":{"start":{"line":1,"column":1},"end":{"line":1,"column":23}},"1":{"start":{"line":2,"column":16},"end":{"line":2,"column":34}},"2":{"start":{"line":3,"column":13},"end":{"line":3,"column":28}},"3":{"start":{"line":4,"column":19},"end":{"line":4,"column":41}},"4":{"start":{"line":5,"column":15},"end":{"line":5,"column":38}},"5":{"start":{"line":6,"column":16},"end":{"line":6,"column":42}},"6":{"start":{"line":7,"column":21},"end":{"line":7,"column":59}},"7":{"start":{"line":9,"column":12},"end":{"line":9,"column":21}},"8":{"start":{"line":11,"column":0},"end":{"line":11,"column":52}},"9":{"start":{"line":12,"column":0},"end":{"line":12,"column":27}},"10":{"start":{"line":13,"column":0},"end":{"line":13,"column":16}},"11":{"start":{"line":15,"column":0},"end":{"line":29,"column":3}},"12":{"start":{"line":33,"column":0},"end":{"line":33,"column":42}},"13":{"start":{"line":35,"column":0},"end":{"line":35,"column":42}},"14":{"start":{"line":38,"column":0},"end":{"line":45,"column":3}},"15":{"start":{"line":39,"column":2},"end":{"line":39,"column":46}},"16":{"start":{"line":40,"column":2},"end":{"line":43,"column":5}},"17":{"start":{"line":44,"column":2},"end":{"line":44,"column":9}},"18":{"start":{"line":47,"column":0},"end":{"line":49,"column":3}},"19":{"start":{"line":48,"column":2},"end":{"line":48,"column":44}},"20":{"start":{"line":51,"column":0},"end":{"line":51,"column":55}},"21":{"start":{"line":54,"column":0},"end":{"line":54,"column":40}},"22":{"start":{"line":57,"column":0},"end":{"line":57,"column":22}},"23":{"start":{"line":60,"column":13},"end":{"line":60,"column":37}},"24":{"start":{"line":61,"column":0},"end":{"line":63,"column":2}},"25":{"start":{"line":62,"column":2},"end":{"line":62,"column":49}},"26":{"start":{"line":65,"column":0},"end":{"line":65,"column":24}}},"fnMap":{"0":{"name":"(anonymous_0)","decl":{"start":{"line":38,"column":13},"end":{"line":38,"column":14}},"loc":{"start":{"line":38,"column":33},"end":{"line":45,"column":1}},"line":38},"1":{"name":"mainHandler","decl":{"start":{"line":47,"column":34},"end":{"line":47,"column":45}},"loc":{"start":{"line":47,"column":56},"end":{"line":49,"column":1}},"line":47},"2":{"name":"(anonymous_2)","decl":{"start":{"line":61,"column":26},"end":{"line":61,"column":27}},"loc":{"start":{"line":62,"column":2},"end":{"line":62,"column":49}},"line":62}},"branchMap":{"0":{"loc":{"start":{"line":60,"column":13},"end":{"line":60,"column":37}},"type":"binary-expr","locations":[{"start":{"line":60,"column":13},"end":{"line":60,"column":29}},{"start":{"line":60,"column":33},"end":{"line":60,"column":37}}],"line":60}},"s":{"0":1,"1":1,"2":1,"3":1,"4":1,"5":1,"6":1,"7":1,"8":1,"9":1,"10":1,"11":1,"12":1,"13":1,"14":1,"15":1,"16":1,"17":1,"18":1,"19":0,"20":1,"21":1,"22":1,"23":1,"24":1,"25":1,"26":1},"f":{"0":1,"1":0,"2":1},"b":{"0":[1,1]},"_coverageSchema":"1a1c01bbd47fc00a2c39e90264f33305004495a9","hash":"c404172bc9e2222fb21985b28ac1f42cfde6c4dc"}
,"/home/safa/Documents/CSC491/konsensus-app-backend/src/_helpers/db.js": {"path":"/home/safa/Documents/CSC491/konsensus-app-backend/src/_helpers/db.js","statementMap":{"0":{"start":{"line":1,"column":0},"end":{"line":1,"column":27}},"1":{"start":{"line":4,"column":14},"end":{"line":4,"column":39}},"2":{"start":{"line":5,"column":22},"end":{"line":5,"column":42}},"3":{"start":{"line":6,"column":0},"end":{"line":6,"column":25}},"4":{"start":{"line":8,"column":0},"end":{"line":8,"column":13}},"5":{"start":{"line":12,"column":17},"end":{"line":12,"column":41}},"6":{"start":{"line":14,"column":19},"end":{"line":20,"column":5}},"7":{"start":{"line":21,"column":4},"end":{"line":21,"column":48}},"8":{"start":{"line":23,"column":23},"end":{"line":23,"column":59}},"9":{"start":{"line":24,"column":4},"end":{"line":24,"column":97}},"10":{"start":{"line":27,"column":22},"end":{"line":37,"column":5}},"11":{"start":{"line":40,"column":4},"end":{"line":40,"column":56}},"12":{"start":{"line":43,"column":4},"end":{"line":43,"column":27}},"13":{"start":{"line":44,"column":4},"end":{"line":44,"column":21}}},"fnMap":{"0":{"name":"initialize","decl":{"start":{"line":10,"column":15},"end":{"line":10,"column":25}},"loc":{"start":{"line":10,"column":28},"end":{"line":45,"column":1}},"line":10}},"branchMap":{},"s":{"0":1,"1":1,"2":1,"3":1,"4":1,"5":1,"6":1,"7":1,"8":1,"9":1,"10":1,"11":1,"12":1,"13":1},"f":{"0":1},"b":{},"_coverageSchema":"1a1c01bbd47fc00a2c39e90264f33305004495a9","hash":"2cc23110cf933da5c3167746813b2a054cb042c9"}
,"/home/safa/Documents/CSC491/konsensus-app-backend/src/_middleware/authorize.js": {"path":"/home/safa/Documents/CSC491/konsensus-app-backend/src/_middleware/authorize.js","statementMap":{"0":{"start":{"line":1,"column":12},"end":{"line":1,"column":34}},"1":{"start":{"line":2,"column":11},"end":{"line":2,"column":36}},"2":{"start":{"line":3,"column":0},"end":{"line":3,"column":27}},"3":{"start":{"line":5,"column":0},"end":{"line":5,"column":27}},"4":{"start":{"line":8,"column":19},"end":{"line":8,"column":41}},"5":{"start":{"line":9,"column":4},"end":{"line":26,"column":6}},"6":{"start":{"line":16,"column":25},"end":{"line":16,"column":61}},"7":{"start":{"line":19,"column":12},"end":{"line":20,"column":73}},"8":{"start":{"line":20,"column":16},"end":{"line":20,"column":73}},"9":{"start":{"line":23,"column":12},"end":{"line":23,"column":34}},"10":{"start":{"line":24,"column":12},"end":{"line":24,"column":19}}},"fnMap":{"0":{"name":"authorize","decl":{"start":{"line":7,"column":9},"end":{"line":7,"column":18}},"loc":{"start":{"line":7,"column":21},"end":{"line":27,"column":1}},"line":7},"1":{"name":"(anonymous_1)","decl":{"start":{"line":14,"column":8},"end":{"line":14,"column":9}},"loc":{"start":{"line":14,"column":34},"end":{"line":25,"column":9}},"line":14}},"branchMap":{"0":{"loc":{"start":{"line":19,"column":12},"end":{"line":20,"column":73}},"type":"if","locations":[{"start":{"line":19,"column":12},"end":{"line":20,"column":73}},{"start":{},"end":{}}],"line":19}},"s":{"0":1,"1":1,"2":1,"3":1,"4":5,"5":5,"6":0,"7":0,"8":0,"9":0,"10":0},"f":{"0":5,"1":0},"b":{"0":[0,0]},"_coverageSchema":"1a1c01bbd47fc00a2c39e90264f33305004495a9","hash":"0de494b3c29fe94b5925e2ee5d260777e926dade"}
,"/home/safa/Documents/CSC491/konsensus-app-backend/src/_middleware/error-handler.js": {"path":"/home/safa/Documents/CSC491/konsensus-app-backend/src/_middleware/error-handler.js","statementMap":{"0":{"start":{"line":1,"column":0},"end":{"line":1,"column":30}},"1":{"start":{"line":4,"column":4},"end":{"line":15,"column":5}},"2":{"start":{"line":7,"column":26},"end":{"line":7,"column":65}},"3":{"start":{"line":8,"column":31},"end":{"line":8,"column":48}},"4":{"start":{"line":9,"column":12},"end":{"line":9,"column":65}},"5":{"start":{"line":12,"column":12},"end":{"line":12,"column":69}},"6":{"start":{"line":14,"column":12},"end":{"line":14,"column":66}}},"fnMap":{"0":{"name":"errorHandler","decl":{"start":{"line":3,"column":9},"end":{"line":3,"column":21}},"loc":{"start":{"line":3,"column":43},"end":{"line":16,"column":1}},"line":3}},"branchMap":{"0":{"loc":{"start":{"line":4,"column":4},"end":{"line":15,"column":5}},"type":"switch","locations":[{"start":{"line":5,"column":8},"end":{"line":9,"column":65}},{"start":{"line":10,"column":8},"end":{"line":12,"column":69}},{"start":{"line":13,"column":8},"end":{"line":14,"column":66}}],"line":4},"1":{"loc":{"start":{"line":8,"column":31},"end":{"line":8,"column":48}},"type":"cond-expr","locations":[{"start":{"line":8,"column":39},"end":{"line":8,"column":42}},{"start":{"line":8,"column":45},"end":{"line":8,"column":48}}],"line":8}},"s":{"0":1,"1":0,"2":0,"3":0,"4":0,"5":0,"6":0},"f":{"0":0},"b":{"0":[0,0,0],"1":[0,0]},"_coverageSchema":"1a1c01bbd47fc00a2c39e90264f33305004495a9","hash":"9a54236e54374dfc93aea0b81c06fd6db1c0d216"}
,"/home/safa/Documents/CSC491/konsensus-app-backend/src/_middleware/validate-request.js": {"path":"/home/safa/Documents/CSC491/konsensus-app-backend/src/_middleware/validate-request.js","statementMap":{"0":{"start":{"line":1,"column":0},"end":{"line":1,"column":33}},"1":{"start":{"line":4,"column":20},"end":{"line":8,"column":5}},"2":{"start":{"line":9,"column":29},"end":{"line":9,"column":63}},"3":{"start":{"line":10,"column":4},"end":{"line":15,"column":5}},"4":{"start":{"line":11,"column":8},"end":{"line":11,"column":82}},"5":{"start":{"line":11,"column":57},"end":{"line":11,"column":66}},"6":{"start":{"line":13,"column":8},"end":{"line":13,"column":25}},"7":{"start":{"line":14,"column":8},"end":{"line":14,"column":15}}},"fnMap":{"0":{"name":"validateRequest","decl":{"start":{"line":3,"column":9},"end":{"line":3,"column":24}},"loc":{"start":{"line":3,"column":44},"end":{"line":16,"column":1}},"line":3},"1":{"name":"(anonymous_1)","decl":{"start":{"line":11,"column":52},"end":{"line":11,"column":53}},"loc":{"start":{"line":11,"column":57},"end":{"line":11,"column":66}},"line":11}},"branchMap":{"0":{"loc":{"start":{"line":10,"column":4},"end":{"line":15,"column":5}},"type":"if","locations":[{"start":{"line":10,"column":4},"end":{"line":15,"column":5}},{"start":{"line":12,"column":11},"end":{"line":15,"column":5}}],"line":10}},"s":{"0":1,"1":0,"2":0,"3":0,"4":0,"5":0,"6":0,"7":0},"f":{"0":0,"1":0},"b":{"0":[0,0]},"_coverageSchema":"1a1c01bbd47fc00a2c39e90264f33305004495a9","hash":"5618a3c7b328df5baab54352a75e06d160982da2"}
,"/home/safa/Documents/CSC491/konsensus-app-backend/src/users/user.model.js": {"path":"/home/safa/Documents/CSC491/konsensus-app-backend/src/users/user.model.js","statementMap":{"0":{"start":{"line":1,"column":22},"end":{"line":1,"column":42}},"1":{"start":{"line":3,"column":0},"end":{"line":3,"column":23}},"2":{"start":{"line":6,"column":23},"end":{"line":11,"column":5}},"3":{"start":{"line":13,"column":20},"end":{"line":22,"column":5}},"4":{"start":{"line":24,"column":4},"end":{"line":24,"column":57}}},"fnMap":{"0":{"name":"model","decl":{"start":{"line":5,"column":9},"end":{"line":5,"column":14}},"loc":{"start":{"line":5,"column":26},"end":{"line":25,"column":1}},"line":5}},"branchMap":{},"s":{"0":1,"1":1,"2":1,"3":1,"4":1},"f":{"0":1},"b":{},"_coverageSchema":"1a1c01bbd47fc00a2c39e90264f33305004495a9","hash":"a0ad513201f0c0a9ce8935ceac91c9f3fcb39f1a"}
,"/home/safa/Documents/CSC491/konsensus-app-backend/src/users/user.service.js": {"path":"/home/safa/Documents/CSC491/konsensus-app-backend/src/users/user.service.js","statementMap":{"0":{"start":{"line":1,"column":1},"end":{"line":1,"column":28}},"1":{"start":{"line":2,"column":12},"end":{"line":2,"column":35}},"2":{"start":{"line":3,"column":15},"end":{"line":3,"column":34}},"3":{"start":{"line":4,"column":11},"end":{"line":4,"column":36}},"4":{"start":{"line":6,"column":0},"end":{"line":13,"column":2}},"5":{"start":{"line":16,"column":17},"end":{"line":16,"column":81}},"6":{"start":{"line":18,"column":4},"end":{"line":19,"column":50}},"7":{"start":{"line":19,"column":8},"end":{"line":19,"column":50}},"8":{"start":{"line":22,"column":18},"end":{"line":22,"column":89}},"9":{"start":{"line":23,"column":4},"end":{"line":23,"column":46}},"10":{"start":{"line":27,"column":4},"end":{"line":27,"column":35}},"11":{"start":{"line":31,"column":4},"end":{"line":31,"column":29}},"12":{"start":{"line":36,"column":4},"end":{"line":38,"column":5}},"13":{"start":{"line":37,"column":8},"end":{"line":37,"column":68}},"14":{"start":{"line":41,"column":4},"end":{"line":43,"column":5}},"15":{"start":{"line":42,"column":8},"end":{"line":42,"column":61}},"16":{"start":{"line":46,"column":4},"end":{"line":46,"column":33}},"17":{"start":{"line":50,"column":17},"end":{"line":50,"column":34}},"18":{"start":{"line":53,"column":28},"end":{"line":53,"column":80}},"19":{"start":{"line":54,"column":4},"end":{"line":56,"column":5}},"20":{"start":{"line":55,"column":8},"end":{"line":55,"column":68}},"21":{"start":{"line":59,"column":4},"end":{"line":61,"column":5}},"22":{"start":{"line":60,"column":8},"end":{"line":60,"column":61}},"23":{"start":{"line":64,"column":4},"end":{"line":64,"column":32}},"24":{"start":{"line":65,"column":4},"end":{"line":65,"column":22}},"25":{"start":{"line":67,"column":4},"end":{"line":67,"column":32}},"26":{"start":{"line":71,"column":17},"end":{"line":71,"column":34}},"27":{"start":{"line":72,"column":4},"end":{"line":72,"column":25}},"28":{"start":{"line":78,"column":17},"end":{"line":78,"column":43}},"29":{"start":{"line":79,"column":4},"end":{"line":79,"column":38}},"30":{"start":{"line":79,"column":15},"end":{"line":79,"column":38}},"31":{"start":{"line":80,"column":4},"end":{"line":80,"column":16}},"32":{"start":{"line":84,"column":41},"end":{"line":84,"column":45}},"33":{"start":{"line":85,"column":4},"end":{"line":85,"column":27}}},"fnMap":{"0":{"name":"authenticate","decl":{"start":{"line":15,"column":15},"end":{"line":15,"column":27}},"loc":{"start":{"line":15,"column":52},"end":{"line":24,"column":1}},"line":15},"1":{"name":"getAll","decl":{"start":{"line":26,"column":15},"end":{"line":26,"column":21}},"loc":{"start":{"line":26,"column":24},"end":{"line":28,"column":1}},"line":26},"2":{"name":"getById","decl":{"start":{"line":30,"column":15},"end":{"line":30,"column":22}},"loc":{"start":{"line":30,"column":27},"end":{"line":32,"column":1}},"line":30},"3":{"name":"create","decl":{"start":{"line":34,"column":15},"end":{"line":34,"column":21}},"loc":{"start":{"line":34,"column":30},"end":{"line":47,"column":1}},"line":34},"4":{"name":"update","decl":{"start":{"line":49,"column":15},"end":{"line":49,"column":21}},"loc":{"start":{"line":49,"column":34},"end":{"line":68,"column":1}},"line":49},"5":{"name":"_delete","decl":{"start":{"line":70,"column":15},"end":{"line":70,"column":22}},"loc":{"start":{"line":70,"column":27},"end":{"line":73,"column":1}},"line":70},"6":{"name":"getUser","decl":{"start":{"line":77,"column":15},"end":{"line":77,"column":22}},"loc":{"start":{"line":77,"column":27},"end":{"line":81,"column":1}},"line":77},"7":{"name":"omitHash","decl":{"start":{"line":83,"column":9},"end":{"line":83,"column":17}},"loc":{"start":{"line":83,"column":24},"end":{"line":86,"column":1}},"line":83}},"branchMap":{"0":{"loc":{"start":{"line":18,"column":4},"end":{"line":19,"column":50}},"type":"if","locations":[{"start":{"line":18,"column":4},"end":{"line":19,"column":50}},{"start":{},"end":{}}],"line":18},"1":{"loc":{"start":{"line":18,"column":8},"end":{"line":18,"column":61}},"type":"binary-expr","locations":[{"start":{"line":18,"column":8},"end":{"line":18,"column":13}},{"start":{"line":18,"column":17},"end":{"line":18,"column":61}}],"line":18},"2":{"loc":{"start":{"line":36,"column":4},"end":{"line":38,"column":5}},"type":"if","locations":[{"start":{"line":36,"column":4},"end":{"line":38,"column":5}},{"start":{},"end":{}}],"line":36},"3":{"loc":{"start":{"line":41,"column":4},"end":{"line":43,"column":5}},"type":"if","locations":[{"start":{"line":41,"column":4},"end":{"line":43,"column":5}},{"start":{},"end":{}}],"line":41},"4":{"loc":{"start":{"line":53,"column":28},"end":{"line":53,"column":80}},"type":"binary-expr","locations":[{"start":{"line":53,"column":28},"end":{"line":53,"column":43}},{"start":{"line":53,"column":47},"end":{"line":53,"column":80}}],"line":53},"5":{"loc":{"start":{"line":54,"column":4},"end":{"line":56,"column":5}},"type":"if","locations":[{"start":{"line":54,"column":4},"end":{"line":56,"column":5}},{"start":{},"end":{}}],"line":54},"6":{"loc":{"start":{"line":54,"column":8},"end":{"line":54,"column":90}},"type":"binary-expr","locations":[{"start":{"line":54,"column":8},"end":{"line":54,"column":23}},{"start":{"line":54,"column":27},"end":{"line":54,"column":90}}],"line":54},"7":{"loc":{"start":{"line":59,"column":4},"end":{"line":61,"column":5}},"type":"if","locations":[{"start":{"line":59,"column":4},"end":{"line":61,"column":5}},{"start":{},"end":{}}],"line":59},"8":{"loc":{"start":{"line":79,"column":4},"end":{"line":79,"column":38}},"type":"if","locations":[{"start":{"line":79,"column":4},"end":{"line":79,"column":38}},{"start":{},"end":{}}],"line":79}},"s":{"0":1,"1":1,"2":1,"3":1,"4":1,"5":0,"6":0,"7":0,"8":0,"9":0,"10":0,"11":0,"12":0,"13":0,"14":0,"15":0,"16":0,"17":0,"18":0,"19":0,"20":0,"21":0,"22":0,"23":0,"24":0,"25":0,"26":0,"27":0,"28":0,"29":0,"30":0,"31":0,"32":0,"33":0},"f":{"0":0,"1":0,"2":0,"3":0,"4":0,"5":0,"6":0,"7":0},"b":{"0":[0,0],"1":[0,0],"2":[0,0],"3":[0,0],"4":[0,0],"5":[0,0],"6":[0,0],"7":[0,0],"8":[0,0]},"_coverageSchema":"1a1c01bbd47fc00a2c39e90264f33305004495a9","hash":"972809ef424d36abed7e93345a3e4252f1f87c6d"}
,"/home/safa/Documents/CSC491/konsensus-app-backend/src/users/users.controller.js": {"path":"/home/safa/Documents/CSC491/konsensus-app-backend/src/users/users.controller.js","statementMap":{"0":{"start":{"line":1,"column":17},"end":{"line":1,"column":35}},"1":{"start":{"line":2,"column":15},"end":{"line":2,"column":31}},"2":{"start":{"line":3,"column":12},"end":{"line":3,"column":26}},"3":{"start":{"line":4,"column":24},"end":{"line":4,"column":66}},"4":{"start":{"line":5,"column":18},"end":{"line":5,"column":53}},"5":{"start":{"line":6,"column":20},"end":{"line":6,"column":45}},"6":{"start":{"line":9,"column":0},"end":{"line":9,"column":63}},"7":{"start":{"line":10,"column":0},"end":{"line":10,"column":51}},"8":{"start":{"line":11,"column":0},"end":{"line":11,"column":37}},"9":{"start":{"line":12,"column":0},"end":{"line":12,"column":48}},"10":{"start":{"line":13,"column":0},"end":{"line":13,"column":41}},"11":{"start":{"line":14,"column":0},"end":{"line":14,"column":54}},"12":{"start":{"line":15,"column":0},"end":{"line":15,"column":44}},"13":{"start":{"line":17,"column":0},"end":{"line":17,"column":24}},"14":{"start":{"line":20,"column":19},"end":{"line":23,"column":6}},"15":{"start":{"line":24,"column":4},"end":{"line":24,"column":39}},"16":{"start":{"line":28,"column":4},"end":{"line":30,"column":21}},"17":{"start":{"line":29,"column":22},"end":{"line":29,"column":36}},"18":{"start":{"line":34,"column":19},"end":{"line":39,"column":6}},"19":{"start":{"line":40,"column":4},"end":{"line":40,"column":39}},"20":{"start":{"line":44,"column":4},"end":{"line":46,"column":21}},"21":{"start":{"line":45,"column":20},"end":{"line":45,"column":68}},"22":{"start":{"line":50,"column":4},"end":{"line":52,"column":21}},"23":{"start":{"line":51,"column":23},"end":{"line":51,"column":38}},"24":{"start":{"line":56,"column":4},"end":{"line":56,"column":23}},"25":{"start":{"line":60,"column":4},"end":{"line":62,"column":21}},"26":{"start":{"line":61,"column":22},"end":{"line":61,"column":36}},"27":{"start":{"line":66,"column":19},"end":{"line":71,"column":6}},"28":{"start":{"line":72,"column":4},"end":{"line":72,"column":39}},"29":{"start":{"line":76,"column":4},"end":{"line":78,"column":21}},"30":{"start":{"line":77,"column":22},"end":{"line":77,"column":36}},"31":{"start":{"line":82,"column":4},"end":{"line":84,"column":21}},"32":{"start":{"line":83,"column":20},"end":{"line":83,"column":70}}},"fnMap":{"0":{"name":"authenticateSchema","decl":{"start":{"line":19,"column":9},"end":{"line":19,"column":27}},"loc":{"start":{"line":19,"column":44},"end":{"line":25,"column":1}},"line":19},"1":{"name":"authenticate","decl":{"start":{"line":27,"column":9},"end":{"line":27,"column":21}},"loc":{"start":{"line":27,"column":38},"end":{"line":31,"column":1}},"line":27},"2":{"name":"(anonymous_2)","decl":{"start":{"line":29,"column":14},"end":{"line":29,"column":15}},"loc":{"start":{"line":29,"column":22},"end":{"line":29,"column":36}},"line":29},"3":{"name":"registerSchema","decl":{"start":{"line":33,"column":9},"end":{"line":33,"column":23}},"loc":{"start":{"line":33,"column":40},"end":{"line":41,"column":1}},"line":33},"4":{"name":"register","decl":{"start":{"line":43,"column":9},"end":{"line":43,"column":17}},"loc":{"start":{"line":43,"column":34},"end":{"line":47,"column":1}},"line":43},"5":{"name":"(anonymous_5)","decl":{"start":{"line":45,"column":14},"end":{"line":45,"column":15}},"loc":{"start":{"line":45,"column":20},"end":{"line":45,"column":68}},"line":45},"6":{"name":"getAll","decl":{"start":{"line":49,"column":9},"end":{"line":49,"column":15}},"loc":{"start":{"line":49,"column":32},"end":{"line":53,"column":1}},"line":49},"7":{"name":"(anonymous_7)","decl":{"start":{"line":51,"column":14},"end":{"line":51,"column":15}},"loc":{"start":{"line":51,"column":23},"end":{"line":51,"column":38}},"line":51},"8":{"name":"getCurrent","decl":{"start":{"line":55,"column":9},"end":{"line":55,"column":19}},"loc":{"start":{"line":55,"column":36},"end":{"line":57,"column":1}},"line":55},"9":{"name":"getById","decl":{"start":{"line":59,"column":9},"end":{"line":59,"column":16}},"loc":{"start":{"line":59,"column":33},"end":{"line":63,"column":1}},"line":59},"10":{"name":"(anonymous_10)","decl":{"start":{"line":61,"column":14},"end":{"line":61,"column":15}},"loc":{"start":{"line":61,"column":22},"end":{"line":61,"column":36}},"line":61},"11":{"name":"updateSchema","decl":{"start":{"line":65,"column":9},"end":{"line":65,"column":21}},"loc":{"start":{"line":65,"column":38},"end":{"line":73,"column":1}},"line":65},"12":{"name":"update","decl":{"start":{"line":75,"column":9},"end":{"line":75,"column":15}},"loc":{"start":{"line":75,"column":32},"end":{"line":79,"column":1}},"line":75},"13":{"name":"(anonymous_13)","decl":{"start":{"line":77,"column":14},"end":{"line":77,"column":15}},"loc":{"start":{"line":77,"column":22},"end":{"line":77,"column":36}},"line":77},"14":{"name":"_delete","decl":{"start":{"line":81,"column":9},"end":{"line":81,"column":16}},"loc":{"start":{"line":81,"column":33},"end":{"line":85,"column":1}},"line":81},"15":{"name":"(anonymous_15)","decl":{"start":{"line":83,"column":14},"end":{"line":83,"column":15}},"loc":{"start":{"line":83,"column":20},"end":{"line":83,"column":70}},"line":83}},"branchMap":{},"s":{"0":1,"1":1,"2":1,"3":1,"4":1,"5":1,"6":1,"7":1,"8":1,"9":1,"10":1,"11":1,"12":1,"13":1,"14":0,"15":0,"16":0,"17":0,"18":0,"19":0,"20":0,"21":0,"22":0,"23":0,"24":0,"25":0,"26":0,"27":0,"28":0,"29":0,"30":0,"31":0,"32":0},"f":{"0":0,"1":0,"2":0,"3":0,"4":0,"5":0,"6":0,"7":0,"8":0,"9":0,"10":0,"11":0,"12":0,"13":0,"14":0,"15":0},"b":{},"_coverageSchema":"1a1c01bbd47fc00a2c39e90264f33305004495a9","hash":"c5cf2a53b2126793543d6bb4fc6782eb7d236a04"}
}
