TN:
SF:src/server.js
FN:38,(anonymous_0)
FN:47,mainHandler
FN:61,(anonymous_2)
FNF:3
FNH:2
FNDA:1,(anonymous_0)
FNDA:0,mainHandler
FNDA:1,(anonymous_2)
DA:1,1
DA:2,1
DA:3,1
DA:4,1
DA:5,1
DA:6,1
DA:7,1
DA:9,1
DA:11,1
DA:12,1
DA:13,1
DA:15,1
DA:33,1
DA:35,1
DA:38,1
DA:39,1
DA:40,1
DA:44,1
DA:47,1
DA:48,0
DA:51,1
DA:54,1
DA:57,1
DA:60,1
DA:61,1
DA:62,1
DA:65,1
LF:27
LH:26
BRDA:60,0,0,1
BRDA:60,0,1,1
BRF:2
BRH:2
end_of_record
TN:
SF:src/_helpers/db.js
FN:10,initialize
FNF:1
FNH:1
FNDA:1,initialize
DA:1,1
DA:4,1
DA:5,1
DA:6,1
DA:8,1
DA:12,1
DA:14,1
DA:21,1
DA:23,1
DA:24,1
DA:27,1
DA:40,1
DA:43,1
DA:44,1
LF:14
LH:14
BRF:0
BRH:0
end_of_record
TN:
SF:src/_middleware/authorize.js
FN:7,authorize
FN:14,(anonymous_1)
FNF:2
FNH:1
FNDA:5,authorize
FNDA:0,(anonymous_1)
DA:1,1
DA:2,1
DA:3,1
DA:5,1
DA:8,5
DA:9,5
DA:16,0
DA:19,0
DA:20,0
DA:23,0
DA:24,0
LF:11
LH:6
BRDA:19,0,0,0
BRDA:19,0,1,0
BRF:2
BRH:0
end_of_record
TN:
SF:src/_middleware/error-handler.js
FN:3,errorHandler
FNF:1
FNH:0
FNDA:0,errorHandler
DA:1,1
DA:4,0
DA:7,0
DA:8,0
DA:9,0
DA:12,0
DA:14,0
LF:7
LH:1
BRDA:4,0,0,0
BRDA:4,0,1,0
BRDA:4,0,2,0
BRDA:8,1,0,0
BRDA:8,1,1,0
BRF:5
BRH:0
end_of_record
TN:
SF:src/_middleware/validate-request.js
FN:3,validateRequest
FN:11,(anonymous_1)
FNF:2
FNH:0
FNDA:0,validateRequest
FNDA:0,(anonymous_1)
DA:1,1
DA:4,0
DA:9,0
DA:10,0
DA:11,0
DA:13,0
DA:14,0
LF:7
LH:1
BRDA:10,0,0,0
BRDA:10,0,1,0
BRF:2
BRH:0
end_of_record
TN:
SF:src/users/user.model.js
FN:5,model
FNF:1
FNH:1
FNDA:1,model
DA:1,1
DA:3,1
DA:6,1
DA:13,1
DA:24,1
LF:5
LH:5
BRF:0
BRH:0
end_of_record
TN:
SF:src/users/user.service.js
FN:15,authenticate
FN:26,getAll
FN:30,getById
FN:34,create
FN:49,update
FN:70,_delete
FN:77,getUser
FN:83,omitHash
FNF:8
FNH:0
FNDA:0,authenticate
FNDA:0,getAll
FNDA:0,getById
FNDA:0,create
FNDA:0,update
FNDA:0,_delete
FNDA:0,getUser
FNDA:0,omitHash
DA:1,1
DA:2,1
DA:3,1
DA:4,1
DA:6,1
DA:16,0
DA:18,0
DA:19,0
DA:22,0
DA:23,0
DA:27,0
DA:31,0
DA:36,0
DA:37,0
DA:41,0
DA:42,0
DA:46,0
DA:50,0
DA:53,0
DA:54,0
DA:55,0
DA:59,0
DA:60,0
DA:64,0
DA:65,0
DA:67,0
DA:71,0
DA:72,0
DA:78,0
DA:79,0
DA:80,0
DA:84,0
DA:85,0
LF:33
LH:5
BRDA:18,0,0,0
BRDA:18,0,1,0
BRDA:18,1,0,0
BRDA:18,1,1,0
BRDA:36,2,0,0
BRDA:36,2,1,0
BRDA:41,3,0,0
BRDA:41,3,1,0
BRDA:53,4,0,0
BRDA:53,4,1,0
BRDA:54,5,0,0
BRDA:54,5,1,0
BRDA:54,6,0,0
BRDA:54,6,1,0
BRDA:59,7,0,0
BRDA:59,7,1,0
BRDA:79,8,0,0
BRDA:79,8,1,0
BRF:18
BRH:0
end_of_record
TN:
SF:src/users/users.controller.js
FN:19,authenticateSchema
FN:27,authenticate
FN:29,(anonymous_2)
FN:33,registerSchema
FN:43,register
FN:45,(anonymous_5)
FN:49,getAll
FN:51,(anonymous_7)
FN:55,getCurrent
FN:59,getById
FN:61,(anonymous_10)
FN:65,updateSchema
FN:75,update
FN:77,(anonymous_13)
FN:81,_delete
FN:83,(anonymous_15)
FNF:16
FNH:0
FNDA:0,authenticateSchema
FNDA:0,authenticate
FNDA:0,(anonymous_2)
FNDA:0,registerSchema
FNDA:0,register
FNDA:0,(anonymous_5)
FNDA:0,getAll
FNDA:0,(anonymous_7)
FNDA:0,getCurrent
FNDA:0,getById
FNDA:0,(anonymous_10)
FNDA:0,updateSchema
FNDA:0,update
FNDA:0,(anonymous_13)
FNDA:0,_delete
FNDA:0,(anonymous_15)
DA:1,1
DA:2,1
DA:3,1
DA:4,1
DA:5,1
DA:6,1
DA:9,1
DA:10,1
DA:11,1
DA:12,1
DA:13,1
DA:14,1
DA:15,1
DA:17,1
DA:20,0
DA:24,0
DA:28,0
DA:29,0
DA:34,0
DA:40,0
DA:44,0
DA:45,0
DA:50,0
DA:51,0
DA:56,0
DA:60,0
DA:61,0
DA:66,0
DA:72,0
DA:76,0
DA:77,0
DA:82,0
DA:83,0
LF:33
LH:14
BRF:0
BRH:0
end_of_record
